[0.015s] Invoking command in '/home/noah/autonav_ws/build/sentry_description': CMAKE_PREFIX_PATH=${CMAKE_PREFIX_PATH}:/opt/ros/humble /usr/bin/cmake --build /home/noah/autonav_ws/build/sentry_description -- -j16 -l16
[0.059s] Invoked command in '/home/noah/autonav_ws/build/sentry_description' returned '0': CMAKE_PREFIX_PATH=${CMAKE_PREFIX_PATH}:/opt/ros/humble /usr/bin/cmake --build /home/noah/autonav_ws/build/sentry_description -- -j16 -l16
[0.072s] Invoking command in '/home/noah/autonav_ws/build/sentry_description': CMAKE_PREFIX_PATH=${CMAKE_PREFIX_PATH}:/opt/ros/humble /usr/bin/cmake --install /home/noah/autonav_ws/build/sentry_description
[0.078s] -- Install configuration: ""
[0.078s] -- Up-to-date: /home/noah/autonav_ws/install/sentry_description/share/sentry_description/src
[0.078s] -- Up-to-date: /home/noah/autonav_ws/install/sentry_description/share/sentry_description/src/description
[0.078s] -- Up-to-date: /home/noah/autonav_ws/install/sentry_description/share/sentry_description/src/description/sentry_description.urdf
[0.078s] -- Up-to-date: /home/noah/autonav_ws/install/sentry_description/share/sentry_description/src/cd
[0.078s] -- Up-to-date: /home/noah/autonav_ws/install/sentry_description/share/sentry_description/launch
[0.078s] -- Installing: /home/noah/autonav_ws/install/sentry_description/share/sentry_description/launch/display_rviz.launch.py
[0.078s] -- Up-to-date: /home/noah/autonav_ws/install/sentry_description/share/sentry_description/launch/display.launch.py
[0.078s] -- Up-to-date: /home/noah/autonav_ws/install/sentry_description/share/sentry_description/rviz
[0.078s] -- Up-to-date: /home/noah/autonav_ws/install/sentry_description/share/sentry_description/rviz/config.rviz
[0.078s] -- Up-to-date: /home/noah/autonav_ws/install/sentry_description/share/ament_index/resource_index/package_run_dependencies/sentry_description
[0.078s] -- Up-to-date: /home/noah/autonav_ws/install/sentry_description/share/ament_index/resource_index/parent_prefix_path/sentry_description
[0.078s] -- Up-to-date: /home/noah/autonav_ws/install/sentry_description/share/sentry_description/environment/ament_prefix_path.sh
[0.078s] -- Up-to-date: /home/noah/autonav_ws/install/sentry_description/share/sentry_description/environment/ament_prefix_path.dsv
[0.078s] -- Up-to-date: /home/noah/autonav_ws/install/sentry_description/share/sentry_description/environment/path.sh
[0.079s] -- Up-to-date: /home/noah/autonav_ws/install/sentry_description/share/sentry_description/environment/path.dsv
[0.079s] -- Up-to-date: /home/noah/autonav_ws/install/sentry_description/share/sentry_description/local_setup.bash
[0.079s] -- Up-to-date: /home/noah/autonav_ws/install/sentry_description/share/sentry_description/local_setup.sh
[0.079s] -- Up-to-date: /home/noah/autonav_ws/install/sentry_description/share/sentry_description/local_setup.zsh
[0.079s] -- Up-to-date: /home/noah/autonav_ws/install/sentry_description/share/sentry_description/local_setup.dsv
[0.079s] -- Installing: /home/noah/autonav_ws/install/sentry_description/share/sentry_description/package.dsv
[0.079s] -- Up-to-date: /home/noah/autonav_ws/install/sentry_description/share/ament_index/resource_index/packages/sentry_description
[0.079s] -- Up-to-date: /home/noah/autonav_ws/install/sentry_description/share/sentry_description/cmake/sentry_descriptionConfig.cmake
[0.079s] -- Up-to-date: /home/noah/autonav_ws/install/sentry_description/share/sentry_description/cmake/sentry_descriptionConfig-version.cmake
[0.079s] -- Up-to-date: /home/noah/autonav_ws/install/sentry_description/share/sentry_description/package.xml
[0.081s] Invoked command in '/home/noah/autonav_ws/build/sentry_description' returned '0': CMAKE_PREFIX_PATH=${CMAKE_PREFIX_PATH}:/opt/ros/humble /usr/bin/cmake --install /home/noah/autonav_ws/build/sentry_description
