[0.087s] DEBUG:colcon:Command line arguments: ['/usr/bin/colcon', 'build']
[0.087s] DEBUG:colcon:Parsed command line arguments: Namespace(log_base=None, log_level=None, verb_name='build', build_base='build', install_base='install', merge_install=False, symlink_install=False, test_result_base=None, continue_on_error=False, executor='parallel', parallel_workers=16, event_handlers=None, ignore_user_meta=False, metas=['./colcon.meta'], base_paths=['.'], packages_ignore=None, packages_ignore_regex=None, paths=None, packages_up_to=None, packages_up_to_regex=None, packages_above=None, packages_above_and_dependencies=None, packages_above_depth=None, packages_select_by_dep=None, packages_skip_by_dep=None, packages_skip_up_to=None, packages_select_build_failed=False, packages_skip_build_finished=False, packages_select_test_failures=False, packages_skip_test_passed=False, packages_select=None, packages_skip=None, packages_select_regex=None, packages_skip_regex=None, packages_start=None, packages_end=None, allow_overriding=[], cmake_args=None, cmake_target=None, cmake_target_skip_unavailable=False, cmake_clean_cache=False, cmake_clean_first=False, cmake_force_configure=False, ament_cmake_args=None, catkin_cmake_args=None, catkin_skip_building_tests=False, mixin_files=None, mixin=None, verb_parser=<colcon_mixin.mixin.mixin_argument.MixinArgumentDecorator object at 0x749c9c8695d0>, verb_extension=<colcon_core.verb.build.BuildVerb object at 0x749c9c869120>, main=<bound method BuildVerb.main of <colcon_core.verb.build.BuildVerb object at 0x749c9c869120>>, mixin_verb=('build',))
[0.206s] Level 1:colcon.colcon_core.package_discovery:discover_packages(colcon_meta) check parameters
[0.207s] Level 1:colcon.colcon_core.package_discovery:discover_packages(recursive) check parameters
[0.207s] Level 1:colcon.colcon_core.package_discovery:discover_packages(ignore) check parameters
[0.207s] Level 1:colcon.colcon_core.package_discovery:discover_packages(path) check parameters
[0.207s] Level 1:colcon.colcon_core.package_discovery:discover_packages(colcon_meta) discover
[0.207s] Level 1:colcon.colcon_core.package_discovery:discover_packages(recursive) discover
[0.207s] INFO:colcon.colcon_core.package_discovery:Crawling recursively for packages in '/home/noah/autonav_ws'
[0.207s] Level 1:colcon.colcon_core.package_identification:_identify(.) by extensions ['ignore', 'ignore_ament_install']
[0.207s] Level 1:colcon.colcon_core.package_identification:_identify(.) by extension 'ignore'
[0.207s] Level 1:colcon.colcon_core.package_identification:_identify(.) by extension 'ignore_ament_install'
[0.207s] Level 1:colcon.colcon_core.package_identification:_identify(.) by extensions ['colcon_pkg']
[0.207s] Level 1:colcon.colcon_core.package_identification:_identify(.) by extension 'colcon_pkg'
[0.207s] Level 1:colcon.colcon_core.package_identification:_identify(.) by extensions ['colcon_meta']
[0.207s] Level 1:colcon.colcon_core.package_identification:_identify(.) by extension 'colcon_meta'
[0.207s] Level 1:colcon.colcon_core.package_identification:_identify(.) by extensions ['ros']
[0.207s] Level 1:colcon.colcon_core.package_identification:_identify(.) by extension 'ros'
[0.216s] Level 1:colcon.colcon_core.package_identification:_identify(.) by extensions ['cmake', 'python']
[0.216s] Level 1:colcon.colcon_core.package_identification:_identify(.) by extension 'cmake'
[0.216s] Level 1:colcon.colcon_core.package_identification:_identify(.) by extension 'python'
[0.216s] Level 1:colcon.colcon_core.package_identification:_identify(.) by extensions ['python_setup_py']
[0.216s] Level 1:colcon.colcon_core.package_identification:_identify(.) by extension 'python_setup_py'
[0.216s] Level 1:colcon.colcon_core.package_identification:_identify(build) by extensions ['ignore', 'ignore_ament_install']
[0.216s] Level 1:colcon.colcon_core.package_identification:_identify(build) by extension 'ignore'
[0.216s] Level 1:colcon.colcon_core.package_identification:_identify(build) ignored
[0.217s] Level 1:colcon.colcon_core.package_identification:_identify(install) by extensions ['ignore', 'ignore_ament_install']
[0.217s] Level 1:colcon.colcon_core.package_identification:_identify(install) by extension 'ignore'
[0.217s] Level 1:colcon.colcon_core.package_identification:_identify(install) ignored
[0.217s] Level 1:colcon.colcon_core.package_identification:_identify(log) by extensions ['ignore', 'ignore_ament_install']
[0.217s] Level 1:colcon.colcon_core.package_identification:_identify(log) by extension 'ignore'
[0.217s] Level 1:colcon.colcon_core.package_identification:_identify(log) ignored
[0.217s] Level 1:colcon.colcon_core.package_identification:_identify(src) by extensions ['ignore', 'ignore_ament_install']
[0.217s] Level 1:colcon.colcon_core.package_identification:_identify(src) by extension 'ignore'
[0.217s] Level 1:colcon.colcon_core.package_identification:_identify(src) by extension 'ignore_ament_install'
[0.218s] Level 1:colcon.colcon_core.package_identification:_identify(src) by extensions ['colcon_pkg']
[0.218s] Level 1:colcon.colcon_core.package_identification:_identify(src) by extension 'colcon_pkg'
[0.218s] Level 1:colcon.colcon_core.package_identification:_identify(src) by extensions ['colcon_meta']
[0.218s] Level 1:colcon.colcon_core.package_identification:_identify(src) by extension 'colcon_meta'
[0.218s] Level 1:colcon.colcon_core.package_identification:_identify(src) by extensions ['ros']
[0.218s] Level 1:colcon.colcon_core.package_identification:_identify(src) by extension 'ros'
[0.218s] Level 1:colcon.colcon_core.package_identification:_identify(src) by extensions ['cmake', 'python']
[0.218s] Level 1:colcon.colcon_core.package_identification:_identify(src) by extension 'cmake'
[0.218s] Level 1:colcon.colcon_core.package_identification:_identify(src) by extension 'python'
[0.218s] Level 1:colcon.colcon_core.package_identification:_identify(src) by extensions ['python_setup_py']
[0.218s] Level 1:colcon.colcon_core.package_identification:_identify(src) by extension 'python_setup_py'
[0.218s] Level 1:colcon.colcon_core.package_identification:_identify(src/sentry_description) by extensions ['ignore', 'ignore_ament_install']
[0.218s] Level 1:colcon.colcon_core.package_identification:_identify(src/sentry_description) by extension 'ignore'
[0.218s] Level 1:colcon.colcon_core.package_identification:_identify(src/sentry_description) by extension 'ignore_ament_install'
[0.218s] Level 1:colcon.colcon_core.package_identification:_identify(src/sentry_description) by extensions ['colcon_pkg']
[0.218s] Level 1:colcon.colcon_core.package_identification:_identify(src/sentry_description) by extension 'colcon_pkg'
[0.218s] Level 1:colcon.colcon_core.package_identification:_identify(src/sentry_description) by extensions ['colcon_meta']
[0.218s] Level 1:colcon.colcon_core.package_identification:_identify(src/sentry_description) by extension 'colcon_meta'
[0.218s] Level 1:colcon.colcon_core.package_identification:_identify(src/sentry_description) by extensions ['ros']
[0.218s] Level 1:colcon.colcon_core.package_identification:_identify(src/sentry_description) by extension 'ros'
[0.221s] DEBUG:colcon.colcon_core.package_identification:Package 'src/sentry_description' with type 'ros.ament_cmake' and name 'sentry_description'
[0.221s] Level 1:colcon.colcon_core.package_identification:_identify(src/test) by extensions ['ignore', 'ignore_ament_install']
[0.221s] Level 1:colcon.colcon_core.package_identification:_identify(src/test) by extension 'ignore'
[0.221s] Level 1:colcon.colcon_core.package_identification:_identify(src/test) by extension 'ignore_ament_install'
[0.221s] Level 1:colcon.colcon_core.package_identification:_identify(src/test) by extensions ['colcon_pkg']
[0.221s] Level 1:colcon.colcon_core.package_identification:_identify(src/test) by extension 'colcon_pkg'
[0.221s] Level 1:colcon.colcon_core.package_identification:_identify(src/test) by extensions ['colcon_meta']
[0.221s] Level 1:colcon.colcon_core.package_identification:_identify(src/test) by extension 'colcon_meta'
[0.221s] Level 1:colcon.colcon_core.package_identification:_identify(src/test) by extensions ['ros']
[0.221s] Level 1:colcon.colcon_core.package_identification:_identify(src/test) by extension 'ros'
[0.221s] DEBUG:colcon.colcon_core.package_identification:Package 'src/test' with type 'ros.ament_cmake' and name 'test'
[0.221s] Level 1:colcon.colcon_core.package_discovery:discover_packages(recursive) using defaults
[0.221s] Level 1:colcon.colcon_core.package_discovery:discover_packages(ignore) discover
[0.221s] Level 1:colcon.colcon_core.package_discovery:discover_packages(ignore) using defaults
[0.221s] Level 1:colcon.colcon_core.package_discovery:discover_packages(path) discover
[0.222s] Level 1:colcon.colcon_core.package_discovery:discover_packages(path) using defaults
[0.244s] Level 1:colcon.colcon_core.package_discovery:discover_packages(prefix_path) check parameters
[0.244s] Level 1:colcon.colcon_core.package_discovery:discover_packages(prefix_path) discover
[0.245s] DEBUG:colcon.colcon_installed_package_information.package_discovery:Found 2 installed packages in /home/noah/autonav_ws/install
[0.246s] DEBUG:colcon.colcon_installed_package_information.package_discovery:Found 328 installed packages in /opt/ros/humble
[0.248s] Level 1:colcon.colcon_core.package_discovery:discover_packages(prefix_path) using defaults
[0.278s] Level 5:colcon.colcon_core.verb:set package 'sentry_description' build argument 'cmake_args' from command line to 'None'
[0.278s] Level 5:colcon.colcon_core.verb:set package 'sentry_description' build argument 'cmake_target' from command line to 'None'
[0.278s] Level 5:colcon.colcon_core.verb:set package 'sentry_description' build argument 'cmake_target_skip_unavailable' from command line to 'False'
[0.278s] Level 5:colcon.colcon_core.verb:set package 'sentry_description' build argument 'cmake_clean_cache' from command line to 'False'
[0.278s] Level 5:colcon.colcon_core.verb:set package 'sentry_description' build argument 'cmake_clean_first' from command line to 'False'
[0.278s] Level 5:colcon.colcon_core.verb:set package 'sentry_description' build argument 'cmake_force_configure' from command line to 'False'
[0.278s] Level 5:colcon.colcon_core.verb:set package 'sentry_description' build argument 'ament_cmake_args' from command line to 'None'
[0.278s] Level 5:colcon.colcon_core.verb:set package 'sentry_description' build argument 'catkin_cmake_args' from command line to 'None'
[0.278s] Level 5:colcon.colcon_core.verb:set package 'sentry_description' build argument 'catkin_skip_building_tests' from command line to 'False'
[0.278s] DEBUG:colcon.colcon_core.verb:Building package 'sentry_description' with the following arguments: {'ament_cmake_args': None, 'build_base': '/home/noah/autonav_ws/build/sentry_description', 'catkin_cmake_args': None, 'catkin_skip_building_tests': False, 'cmake_args': None, 'cmake_clean_cache': False, 'cmake_clean_first': False, 'cmake_force_configure': False, 'cmake_target': None, 'cmake_target_skip_unavailable': False, 'install_base': '/home/noah/autonav_ws/install/sentry_description', 'merge_install': False, 'path': '/home/noah/autonav_ws/src/sentry_description', 'symlink_install': False, 'test_result_base': None}
[0.278s] Level 5:colcon.colcon_core.verb:set package 'test' build argument 'cmake_args' from command line to 'None'
[0.279s] Level 5:colcon.colcon_core.verb:set package 'test' build argument 'cmake_target' from command line to 'None'
[0.279s] Level 5:colcon.colcon_core.verb:set package 'test' build argument 'cmake_target_skip_unavailable' from command line to 'False'
[0.279s] Level 5:colcon.colcon_core.verb:set package 'test' build argument 'cmake_clean_cache' from command line to 'False'
[0.279s] Level 5:colcon.colcon_core.verb:set package 'test' build argument 'cmake_clean_first' from command line to 'False'
[0.279s] Level 5:colcon.colcon_core.verb:set package 'test' build argument 'cmake_force_configure' from command line to 'False'
[0.279s] Level 5:colcon.colcon_core.verb:set package 'test' build argument 'ament_cmake_args' from command line to 'None'
[0.279s] Level 5:colcon.colcon_core.verb:set package 'test' build argument 'catkin_cmake_args' from command line to 'None'
[0.279s] Level 5:colcon.colcon_core.verb:set package 'test' build argument 'catkin_skip_building_tests' from command line to 'False'
[0.279s] DEBUG:colcon.colcon_core.verb:Building package 'test' with the following arguments: {'ament_cmake_args': None, 'build_base': '/home/noah/autonav_ws/build/test', 'catkin_cmake_args': None, 'catkin_skip_building_tests': False, 'cmake_args': None, 'cmake_clean_cache': False, 'cmake_clean_first': False, 'cmake_force_configure': False, 'cmake_target': None, 'cmake_target_skip_unavailable': False, 'install_base': '/home/noah/autonav_ws/install/test', 'merge_install': False, 'path': '/home/noah/autonav_ws/src/test', 'symlink_install': False, 'test_result_base': None}
[0.279s] INFO:colcon.colcon_core.executor:Executing jobs using 'parallel' executor
[0.280s] DEBUG:colcon.colcon_parallel_executor.executor.parallel:run_until_complete
[0.281s] INFO:colcon.colcon_ros.task.ament_cmake.build:Building ROS package in '/home/noah/autonav_ws/src/sentry_description' with build type 'ament_cmake'
[0.281s] INFO:colcon.colcon_cmake.task.cmake.build:Building CMake package in '/home/noah/autonav_ws/src/sentry_description'
[0.283s] INFO:colcon.colcon_core.plugin_system:Skipping extension 'colcon_core.shell.bat': Not used on non-Windows systems
[0.284s] INFO:colcon.colcon_core.shell:Skip shell extension 'powershell' for command environment: Not usable outside of PowerShell
[0.284s] DEBUG:colcon.colcon_core.shell:Skip shell extension 'dsv' for command environment
[0.287s] INFO:colcon.colcon_ros.task.ament_cmake.build:Building ROS package in '/home/noah/autonav_ws/src/test' with build type 'ament_cmake'
[0.288s] INFO:colcon.colcon_cmake.task.cmake.build:Building CMake package in '/home/noah/autonav_ws/src/test'
[0.288s] INFO:colcon.colcon_core.shell:Skip shell extension 'powershell' for command environment: Not usable outside of PowerShell
[0.288s] DEBUG:colcon.colcon_core.shell:Skip shell extension 'dsv' for command environment
[0.315s] DEBUG:colcon.colcon_core.event_handler.log_command:Invoking command in '/home/noah/autonav_ws/build/sentry_description': CMAKE_PREFIX_PATH=${CMAKE_PREFIX_PATH}:/opt/ros/humble /usr/bin/cmake --build /home/noah/autonav_ws/build/sentry_description -- -j16 -l16
[0.349s] DEBUG:colcon.colcon_core.event_handler.log_command:Invoking command in '/home/noah/autonav_ws/build/test': CMAKE_PREFIX_PATH=${CMAKE_PREFIX_PATH}:/opt/ros/humble /usr/bin/cmake --build /home/noah/autonav_ws/build/test -- -j16 -l16
[0.397s] DEBUG:colcon.colcon_core.event_handler.log_command:Invoked command in '/home/noah/autonav_ws/build/sentry_description' returned '0': CMAKE_PREFIX_PATH=${CMAKE_PREFIX_PATH}:/opt/ros/humble /usr/bin/cmake --build /home/noah/autonav_ws/build/sentry_description -- -j16 -l16
[0.424s] DEBUG:colcon.colcon_core.event_handler.log_command:Invoking command in '/home/noah/autonav_ws/build/sentry_description': CMAKE_PREFIX_PATH=${CMAKE_PREFIX_PATH}:/opt/ros/humble /usr/bin/cmake --install /home/noah/autonav_ws/build/sentry_description
[0.439s] DEBUG:colcon.colcon_core.event_handler.log_command:Invoked command in '/home/noah/autonav_ws/build/test' returned '0': CMAKE_PREFIX_PATH=${CMAKE_PREFIX_PATH}:/opt/ros/humble /usr/bin/cmake --build /home/noah/autonav_ws/build/test -- -j16 -l16
[0.440s] DEBUG:colcon.colcon_core.event_handler.log_command:Invoking command in '/home/noah/autonav_ws/build/test': CMAKE_PREFIX_PATH=${CMAKE_PREFIX_PATH}:/opt/ros/humble /usr/bin/cmake --install /home/noah/autonav_ws/build/test
[0.445s] Level 1:colcon.colcon_core.environment:create_environment_scripts_only(sentry_description)
[0.448s] DEBUG:colcon.colcon_core.event_handler.log_command:Invoked command in '/home/noah/autonav_ws/build/sentry_description' returned '0': CMAKE_PREFIX_PATH=${CMAKE_PREFIX_PATH}:/opt/ros/humble /usr/bin/cmake --install /home/noah/autonav_ws/build/sentry_description
[0.451s] Level 1:colcon.colcon_core.environment:checking '/home/noah/autonav_ws/install/sentry_description' for CMake module files
[0.454s] Level 1:colcon.colcon_core.environment:checking '/home/noah/autonav_ws/install/sentry_description' for CMake config files
[0.454s] Level 1:colcon.colcon_core.shell:create_environment_hook('sentry_description', 'cmake_prefix_path')
[0.455s] INFO:colcon.colcon_core.shell:Creating environment hook '/home/noah/autonav_ws/install/sentry_description/share/sentry_description/hook/cmake_prefix_path.ps1'
[0.457s] INFO:colcon.colcon_core.shell:Creating environment descriptor '/home/noah/autonav_ws/install/sentry_description/share/sentry_description/hook/cmake_prefix_path.dsv'
[0.458s] INFO:colcon.colcon_core.shell:Creating environment hook '/home/noah/autonav_ws/install/sentry_description/share/sentry_description/hook/cmake_prefix_path.sh'
[0.460s] Level 1:colcon.colcon_core.environment:checking '/home/noah/autonav_ws/install/sentry_description/bin'
[0.460s] Level 1:colcon.colcon_core.environment:checking '/home/noah/autonav_ws/install/sentry_description/lib/pkgconfig/sentry_description.pc'
[0.460s] Level 1:colcon.colcon_core.environment:checking '/home/noah/autonav_ws/install/sentry_description/lib/python3.10/site-packages'
[0.460s] Level 1:colcon.colcon_core.environment:checking '/home/noah/autonav_ws/install/sentry_description/bin'
[0.461s] INFO:colcon.colcon_core.shell:Creating package script '/home/noah/autonav_ws/install/sentry_description/share/sentry_description/package.ps1'
[0.462s] INFO:colcon.colcon_core.shell:Creating package descriptor '/home/noah/autonav_ws/install/sentry_description/share/sentry_description/package.dsv'
[0.463s] INFO:colcon.colcon_core.shell:Creating package script '/home/noah/autonav_ws/install/sentry_description/share/sentry_description/package.sh'
[0.464s] INFO:colcon.colcon_core.shell:Creating package script '/home/noah/autonav_ws/install/sentry_description/share/sentry_description/package.bash'
[0.465s] INFO:colcon.colcon_core.shell:Creating package script '/home/noah/autonav_ws/install/sentry_description/share/sentry_description/package.zsh'
[0.467s] Level 1:colcon.colcon_core.environment:create_file_with_runtime_dependencies(/home/noah/autonav_ws/install/sentry_description/share/colcon-core/packages/sentry_description)
[0.468s] Level 1:colcon.colcon_core.environment:create_environment_scripts_only(sentry_description)
[0.468s] Level 1:colcon.colcon_core.environment:checking '/home/noah/autonav_ws/install/sentry_description' for CMake module files
[0.468s] Level 1:colcon.colcon_core.environment:checking '/home/noah/autonav_ws/install/sentry_description' for CMake config files
[0.468s] Level 1:colcon.colcon_core.shell:create_environment_hook('sentry_description', 'cmake_prefix_path')
[0.469s] INFO:colcon.colcon_core.shell:Creating environment hook '/home/noah/autonav_ws/install/sentry_description/share/sentry_description/hook/cmake_prefix_path.ps1'
[0.469s] INFO:colcon.colcon_core.shell:Creating environment descriptor '/home/noah/autonav_ws/install/sentry_description/share/sentry_description/hook/cmake_prefix_path.dsv'
[0.470s] INFO:colcon.colcon_core.shell:Creating environment hook '/home/noah/autonav_ws/install/sentry_description/share/sentry_description/hook/cmake_prefix_path.sh'
[0.471s] Level 1:colcon.colcon_core.environment:checking '/home/noah/autonav_ws/install/sentry_description/bin'
[0.471s] Level 1:colcon.colcon_core.environment:checking '/home/noah/autonav_ws/install/sentry_description/lib/pkgconfig/sentry_description.pc'
[0.471s] Level 1:colcon.colcon_core.environment:checking '/home/noah/autonav_ws/install/sentry_description/lib/python3.10/site-packages'
[0.471s] Level 1:colcon.colcon_core.environment:checking '/home/noah/autonav_ws/install/sentry_description/bin'
[0.471s] INFO:colcon.colcon_core.shell:Creating package script '/home/noah/autonav_ws/install/sentry_description/share/sentry_description/package.ps1'
[0.472s] INFO:colcon.colcon_core.shell:Creating package descriptor '/home/noah/autonav_ws/install/sentry_description/share/sentry_description/package.dsv'
[0.473s] INFO:colcon.colcon_core.shell:Creating package script '/home/noah/autonav_ws/install/sentry_description/share/sentry_description/package.sh'
[0.473s] INFO:colcon.colcon_core.shell:Creating package script '/home/noah/autonav_ws/install/sentry_description/share/sentry_description/package.bash'
[0.474s] INFO:colcon.colcon_core.shell:Creating package script '/home/noah/autonav_ws/install/sentry_description/share/sentry_description/package.zsh'
[0.475s] Level 1:colcon.colcon_core.environment:create_file_with_runtime_dependencies(/home/noah/autonav_ws/install/sentry_description/share/colcon-core/packages/sentry_description)
[0.477s] Level 1:colcon.colcon_core.environment:create_environment_scripts_only(test)
[0.478s] Level 1:colcon.colcon_core.environment:checking '/home/noah/autonav_ws/install/test' for CMake module files
[0.478s] Level 1:colcon.colcon_core.environment:checking '/home/noah/autonav_ws/install/test' for CMake config files
[0.479s] Level 1:colcon.colcon_core.shell:create_environment_hook('test', 'cmake_prefix_path')
[0.479s] INFO:colcon.colcon_core.shell:Creating environment hook '/home/noah/autonav_ws/install/test/share/test/hook/cmake_prefix_path.ps1'
[0.479s] DEBUG:colcon.colcon_core.event_handler.log_command:Invoked command in '/home/noah/autonav_ws/build/test' returned '0': CMAKE_PREFIX_PATH=${CMAKE_PREFIX_PATH}:/opt/ros/humble /usr/bin/cmake --install /home/noah/autonav_ws/build/test
[0.480s] INFO:colcon.colcon_core.shell:Creating environment descriptor '/home/noah/autonav_ws/install/test/share/test/hook/cmake_prefix_path.dsv'
[0.481s] INFO:colcon.colcon_core.shell:Creating environment hook '/home/noah/autonav_ws/install/test/share/test/hook/cmake_prefix_path.sh'
[0.482s] Level 1:colcon.colcon_core.environment:checking '/home/noah/autonav_ws/install/test/bin'
[0.482s] Level 1:colcon.colcon_core.environment:checking '/home/noah/autonav_ws/install/test/lib/pkgconfig/test.pc'
[0.482s] Level 1:colcon.colcon_core.environment:checking '/home/noah/autonav_ws/install/test/lib/python3.10/site-packages'
[0.482s] Level 1:colcon.colcon_core.environment:checking '/home/noah/autonav_ws/install/test/bin'
[0.483s] INFO:colcon.colcon_core.shell:Creating package script '/home/noah/autonav_ws/install/test/share/test/package.ps1'
[0.483s] INFO:colcon.colcon_core.shell:Creating package descriptor '/home/noah/autonav_ws/install/test/share/test/package.dsv'
[0.484s] INFO:colcon.colcon_core.shell:Creating package script '/home/noah/autonav_ws/install/test/share/test/package.sh'
[0.484s] INFO:colcon.colcon_core.shell:Creating package script '/home/noah/autonav_ws/install/test/share/test/package.bash'
[0.485s] INFO:colcon.colcon_core.shell:Creating package script '/home/noah/autonav_ws/install/test/share/test/package.zsh'
[0.486s] Level 1:colcon.colcon_core.environment:create_file_with_runtime_dependencies(/home/noah/autonav_ws/install/test/share/colcon-core/packages/test)
[0.486s] Level 1:colcon.colcon_core.environment:create_environment_scripts_only(test)
[0.486s] Level 1:colcon.colcon_core.environment:checking '/home/noah/autonav_ws/install/test' for CMake module files
[0.489s] Level 1:colcon.colcon_core.environment:checking '/home/noah/autonav_ws/install/test' for CMake config files
[0.489s] Level 1:colcon.colcon_core.shell:create_environment_hook('test', 'cmake_prefix_path')
[0.489s] INFO:colcon.colcon_core.shell:Creating environment hook '/home/noah/autonav_ws/install/test/share/test/hook/cmake_prefix_path.ps1'
[0.493s] INFO:colcon.colcon_core.shell:Creating environment descriptor '/home/noah/autonav_ws/install/test/share/test/hook/cmake_prefix_path.dsv'
[0.496s] INFO:colcon.colcon_core.shell:Creating environment hook '/home/noah/autonav_ws/install/test/share/test/hook/cmake_prefix_path.sh'
[0.497s] Level 1:colcon.colcon_core.environment:checking '/home/noah/autonav_ws/install/test/bin'
[0.497s] Level 1:colcon.colcon_core.environment:checking '/home/noah/autonav_ws/install/test/lib/pkgconfig/test.pc'
[0.497s] Level 1:colcon.colcon_core.environment:checking '/home/noah/autonav_ws/install/test/lib/python3.10/site-packages'
[0.497s] Level 1:colcon.colcon_core.environment:checking '/home/noah/autonav_ws/install/test/bin'
[0.498s] INFO:colcon.colcon_core.shell:Creating package script '/home/noah/autonav_ws/install/test/share/test/package.ps1'
[0.498s] INFO:colcon.colcon_core.shell:Creating package descriptor '/home/noah/autonav_ws/install/test/share/test/package.dsv'
[0.499s] INFO:colcon.colcon_core.shell:Creating package script '/home/noah/autonav_ws/install/test/share/test/package.sh'
[0.500s] INFO:colcon.colcon_core.shell:Creating package script '/home/noah/autonav_ws/install/test/share/test/package.bash'
[0.500s] INFO:colcon.colcon_core.shell:Creating package script '/home/noah/autonav_ws/install/test/share/test/package.zsh'
[0.501s] Level 1:colcon.colcon_core.environment:create_file_with_runtime_dependencies(/home/noah/autonav_ws/install/test/share/colcon-core/packages/test)
[0.502s] DEBUG:colcon.colcon_parallel_executor.executor.parallel:closing loop
[0.502s] DEBUG:colcon.colcon_parallel_executor.executor.parallel:loop closed
[0.502s] DEBUG:colcon.colcon_parallel_executor.executor.parallel:run_until_complete finished with '0'
[0.504s] DEBUG:colcon.colcon_core.event_reactor:joining thread
[0.520s] INFO:colcon.colcon_core.plugin_system:Skipping extension 'colcon_notification.desktop_notification.terminal_notifier': Not used on non-Darwin systems
[0.522s] INFO:colcon.colcon_core.plugin_system:Skipping extension 'colcon_notification.desktop_notification.win32': Not used on non-Windows systems
[0.522s] INFO:colcon.colcon_notification.desktop_notification:Sending desktop notification using 'notify2'
[0.544s] DEBUG:colcon.colcon_core.event_reactor:joined thread
[0.545s] INFO:colcon.colcon_core.shell:Creating prefix script '/home/noah/autonav_ws/install/local_setup.ps1'
[0.546s] INFO:colcon.colcon_core.shell:Creating prefix util module '/home/noah/autonav_ws/install/_local_setup_util_ps1.py'
[0.548s] INFO:colcon.colcon_core.shell:Creating prefix chain script '/home/noah/autonav_ws/install/setup.ps1'
[0.550s] INFO:colcon.colcon_core.shell:Creating prefix script '/home/noah/autonav_ws/install/local_setup.sh'
[0.550s] INFO:colcon.colcon_core.shell:Creating prefix util module '/home/noah/autonav_ws/install/_local_setup_util_sh.py'
[0.551s] INFO:colcon.colcon_core.shell:Creating prefix chain script '/home/noah/autonav_ws/install/setup.sh'
[0.553s] INFO:colcon.colcon_core.shell:Creating prefix script '/home/noah/autonav_ws/install/local_setup.bash'
[0.554s] INFO:colcon.colcon_core.shell:Creating prefix chain script '/home/noah/autonav_ws/install/setup.bash'
[0.555s] INFO:colcon.colcon_core.shell:Creating prefix script '/home/noah/autonav_ws/install/local_setup.zsh'
[0.556s] INFO:colcon.colcon_core.shell:Creating prefix chain script '/home/noah/autonav_ws/install/setup.zsh'
