[0.017s] Invoking command in '/home/noah/autonav_ws/build/sentry_description': CMAKE_PREFIX_PATH=${CMAKE_PREFIX_PATH}:/opt/ros/humble /usr/bin/cmake --build /home/noah/autonav_ws/build/sentry_description -- -j16 -l16
[0.086s] -- Found ament_cmake: 1.3.12 (/opt/ros/humble/share/ament_cmake/cmake)
[0.239s] -- Found ament_lint_auto: 0.12.14 (/opt/ros/humble/share/ament_lint_auto/cmake)
[0.358s] -- Added test 'flake8' to check Python code syntax and style conventions
[0.359s] -- Added test 'lint_cmake' to check CMake code style
[0.360s] -- Added test 'pep257' to check Python code against some of the docstring style conventions in PEP 257
[0.362s] -- Added test 'xmllint' to check XML markup files
[0.366s] -- Configuring done
[0.379s] -- Generating done
[0.383s] -- Build files have been written to: /home/noah/autonav_ws/build/sentry_description
[0.404s] Invoked command in '/home/noah/autonav_ws/build/sentry_description' returned '0': CMAKE_PREFIX_PATH=${CMAKE_PREFIX_PATH}:/opt/ros/humble /usr/bin/cmake --build /home/noah/autonav_ws/build/sentry_description -- -j16 -l16
[0.415s] Invoking command in '/home/noah/autonav_ws/build/sentry_description': CMAKE_PREFIX_PATH=${CMAKE_PREFIX_PATH}:/opt/ros/humble /usr/bin/cmake --install /home/noah/autonav_ws/build/sentry_description
[0.422s] -- Install configuration: ""
[0.422s] -- Up-to-date: /home/noah/autonav_ws/install/sentry_description/share/sentry_description/src
[0.422s] -- Up-to-date: /home/noah/autonav_ws/install/sentry_description/share/sentry_description/src/description
[0.422s] -- Installing: /home/noah/autonav_ws/install/sentry_description/share/sentry_description/src/description/sentry_description.urdf
[0.425s] -- Up-to-date: /home/noah/autonav_ws/install/sentry_description/share/sentry_description/src/cd
[0.425s] -- Up-to-date: /home/noah/autonav_ws/install/sentry_description/share/sentry_description/launch
[0.425s] -- Installing: /home/noah/autonav_ws/install/sentry_description/share/sentry_description/launch/display.launch.py
[0.425s] -- Up-to-date: /home/noah/autonav_ws/install/sentry_description/share/sentry_description/rviz
[0.425s] -- Up-to-date: /home/noah/autonav_ws/install/sentry_description/share/sentry_description/rviz/config.rviz
[0.425s] -- Installing: /home/noah/autonav_ws/install/sentry_description/share/ament_index/resource_index/package_run_dependencies/sentry_description
[0.425s] -- Installing: /home/noah/autonav_ws/install/sentry_description/share/ament_index/resource_index/parent_prefix_path/sentry_description
[0.425s] -- Up-to-date: /home/noah/autonav_ws/install/sentry_description/share/sentry_description/environment/ament_prefix_path.sh
[0.425s] -- Installing: /home/noah/autonav_ws/install/sentry_description/share/sentry_description/environment/ament_prefix_path.dsv
[0.425s] -- Up-to-date: /home/noah/autonav_ws/install/sentry_description/share/sentry_description/environment/path.sh
[0.425s] -- Installing: /home/noah/autonav_ws/install/sentry_description/share/sentry_description/environment/path.dsv
[0.425s] -- Up-to-date: /home/noah/autonav_ws/install/sentry_description/share/sentry_description/local_setup.bash
[0.425s] -- Up-to-date: /home/noah/autonav_ws/install/sentry_description/share/sentry_description/local_setup.sh
[0.425s] -- Up-to-date: /home/noah/autonav_ws/install/sentry_description/share/sentry_description/local_setup.zsh
[0.425s] -- Installing: /home/noah/autonav_ws/install/sentry_description/share/sentry_description/local_setup.dsv
[0.426s] -- Installing: /home/noah/autonav_ws/install/sentry_description/share/sentry_description/package.dsv
[0.426s] -- Up-to-date: /home/noah/autonav_ws/install/sentry_description/share/ament_index/resource_index/packages/sentry_description
[0.426s] -- Up-to-date: /home/noah/autonav_ws/install/sentry_description/share/sentry_description/cmake/sentry_descriptionConfig.cmake
[0.426s] -- Up-to-date: /home/noah/autonav_ws/install/sentry_description/share/sentry_description/cmake/sentry_descriptionConfig-version.cmake
[0.426s] -- Installing: /home/noah/autonav_ws/install/sentry_description/share/sentry_description/package.xml
[0.428s] Invoked command in '/home/noah/autonav_ws/build/sentry_description' returned '0': CMAKE_PREFIX_PATH=${CMAKE_PREFIX_PATH}:/opt/ros/humble /usr/bin/cmake --install /home/noah/autonav_ws/build/sentry_description
