[0.010s] Invoking command in '/home/noah/autonav_ws/build/sentry_description': CMAKE_PREFIX_PATH=/opt/ros/humble /usr/bin/cmake --build /home/noah/autonav_ws/build/sentry_description -- -j12 -l12
[0.066s] Invoked command in '/home/noah/autonav_ws/build/sentry_description' returned '0': CMAKE_PREFIX_PATH=/opt/ros/humble /usr/bin/cmake --build /home/noah/autonav_ws/build/sentry_description -- -j12 -l12
[0.080s] Invoking command in '/home/noah/autonav_ws/build/sentry_description': CMAKE_PREFIX_PATH=/opt/ros/humble /usr/bin/cmake --install /home/noah/autonav_ws/build/sentry_description
[0.086s] -- Install configuration: ""
[0.087s] -- Up-to-date: /home/noah/autonav_ws/install/sentry_description/share/sentry_description/src
[0.087s] -- Up-to-date: /home/noah/autonav_ws/install/sentry_description/share/sentry_description/src/cd
[0.087s] -- Up-to-date: /home/noah/autonav_ws/install/sentry_description/share/sentry_description/launch
[0.087s] -- Installing: /home/noah/autonav_ws/install/sentry_description/share/sentry_description/launch/display.launch.py
[0.088s] -- Up-to-date: /home/noah/autonav_ws/install/sentry_description/share/sentry_description/rviz
[0.088s] -- Up-to-date: /home/noah/autonav_ws/install/sentry_description/share/sentry_description/rviz/config.rviz
[0.089s] -- Up-to-date: /home/noah/autonav_ws/install/sentry_description/share/ament_index/resource_index/package_run_dependencies/sentry_description
[0.089s] -- Up-to-date: /home/noah/autonav_ws/install/sentry_description/share/ament_index/resource_index/parent_prefix_path/sentry_description
[0.089s] -- Up-to-date: /home/noah/autonav_ws/install/sentry_description/share/sentry_description/environment/ament_prefix_path.sh
[0.089s] -- Up-to-date: /home/noah/autonav_ws/install/sentry_description/share/sentry_description/environment/ament_prefix_path.dsv
[0.097s] -- Up-to-date: /home/noah/autonav_ws/install/sentry_description/share/sentry_description/environment/path.sh
[0.102s] -- Up-to-date: /home/noah/autonav_ws/install/sentry_description/share/sentry_description/environment/path.dsv
[0.102s] -- Up-to-date: /home/noah/autonav_ws/install/sentry_description/share/sentry_description/local_setup.bash
[0.102s] -- Up-to-date: /home/noah/autonav_ws/install/sentry_description/share/sentry_description/local_setup.sh
[0.102s] -- Up-to-date: /home/noah/autonav_ws/install/sentry_description/share/sentry_description/local_setup.zsh
[0.102s] -- Up-to-date: /home/noah/autonav_ws/install/sentry_description/share/sentry_description/local_setup.dsv
[0.102s] -- Installing: /home/noah/autonav_ws/install/sentry_description/share/sentry_description/package.dsv
[0.103s] -- Up-to-date: /home/noah/autonav_ws/install/sentry_description/share/ament_index/resource_index/packages/sentry_description
[0.103s] -- Up-to-date: /home/noah/autonav_ws/install/sentry_description/share/sentry_description/cmake/sentry_descriptionConfig.cmake
[0.103s] -- Up-to-date: /home/noah/autonav_ws/install/sentry_description/share/sentry_description/cmake/sentry_descriptionConfig-version.cmake
[0.103s] -- Up-to-date: /home/noah/autonav_ws/install/sentry_description/share/sentry_description/package.xml
[0.116s] Invoked command in '/home/noah/autonav_ws/build/sentry_description' returned '0': CMAKE_PREFIX_PATH=/opt/ros/humble /usr/bin/cmake --install /home/noah/autonav_ws/build/sentry_description
