[0.815s] Invoking command in '/home/noah/autonav_ws/build/sentry_description': CMAKE_PREFIX_PATH=${CMAKE_PREFIX_PATH}:/opt/ros/humble /usr/bin/cmake --build /home/noah/autonav_ws/build/sentry_description -- -j16 -l16
[1.537s] Invoked command in '/home/noah/autonav_ws/build/sentry_description' returned '0': CMAKE_PREFIX_PATH=${CMAKE_PREFIX_PATH}:/opt/ros/humble /usr/bin/cmake --build /home/noah/autonav_ws/build/sentry_description -- -j16 -l16
[1.675s] Invoking command in '/home/noah/autonav_ws/build/sentry_description': CMAKE_PREFIX_PATH=${CMAKE_PREFIX_PATH}:/opt/ros/humble /usr/bin/cmake --install /home/noah/autonav_ws/build/sentry_description
[1.957s] -- Install configuration: ""
[1.957s] -- Up-to-date: /home/noah/autonav_ws/install/sentry_description/share/sentry_description/src
[1.957s] -- Up-to-date: /home/noah/autonav_ws/install/sentry_description/share/sentry_description/src/description
[1.972s] -- Up-to-date: /home/noah/autonav_ws/install/sentry_description/share/sentry_description/src/description/sentry_description.urdf
[1.973s] -- Up-to-date: /home/noah/autonav_ws/install/sentry_description/share/sentry_description/src/cd
[1.973s] -- Up-to-date: /home/noah/autonav_ws/install/sentry_description/share/sentry_description/launch
[1.973s] -- Up-to-date: /home/noah/autonav_ws/install/sentry_description/share/sentry_description/launch/display_rviz.launch.py
[1.997s] -- Up-to-date: /home/noah/autonav_ws/install/sentry_description/share/sentry_description/launch/display.launch.py
[2.042s] -- Up-to-date: /home/noah/autonav_ws/install/sentry_description/share/sentry_description/rviz
[2.042s] -- Up-to-date: /home/noah/autonav_ws/install/sentry_description/share/sentry_description/rviz/config.rviz
[2.042s] -- Up-to-date: /home/noah/autonav_ws/install/sentry_description/share/sentry_description/config
[2.043s] -- Up-to-date: /home/noah/autonav_ws/install/sentry_description/share/sentry_description/config/ekf.yaml
[2.046s] -- Up-to-date: /home/noah/autonav_ws/install/sentry_description/share/ament_index/resource_index/package_run_dependencies/sentry_description
[2.046s] -- Up-to-date: /home/noah/autonav_ws/install/sentry_description/share/ament_index/resource_index/parent_prefix_path/sentry_description
[2.046s] -- Up-to-date: /home/noah/autonav_ws/install/sentry_description/share/sentry_description/environment/ament_prefix_path.sh
[2.046s] -- Up-to-date: /home/noah/autonav_ws/install/sentry_description/share/sentry_description/environment/ament_prefix_path.dsv
[2.046s] -- Up-to-date: /home/noah/autonav_ws/install/sentry_description/share/sentry_description/environment/path.sh
[2.046s] -- Up-to-date: /home/noah/autonav_ws/install/sentry_description/share/sentry_description/environment/path.dsv
[2.050s] -- Up-to-date: /home/noah/autonav_ws/install/sentry_description/share/sentry_description/local_setup.bash
[2.050s] -- Up-to-date: /home/noah/autonav_ws/install/sentry_description/share/sentry_description/local_setup.sh
[2.054s] -- Up-to-date: /home/noah/autonav_ws/install/sentry_description/share/sentry_description/local_setup.zsh
[2.054s] -- Up-to-date: /home/noah/autonav_ws/install/sentry_description/share/sentry_description/local_setup.dsv
[2.054s] -- Installing: /home/noah/autonav_ws/install/sentry_description/share/sentry_description/package.dsv
[2.054s] -- Up-to-date: /home/noah/autonav_ws/install/sentry_description/share/ament_index/resource_index/packages/sentry_description
[2.054s] -- Up-to-date: /home/noah/autonav_ws/install/sentry_description/share/sentry_description/cmake/sentry_descriptionConfig.cmake
[2.054s] -- Up-to-date: /home/noah/autonav_ws/install/sentry_description/share/sentry_description/cmake/sentry_descriptionConfig-version.cmake
[2.054s] -- Up-to-date: /home/noah/autonav_ws/install/sentry_description/share/sentry_description/package.xml
[2.123s] Invoked command in '/home/noah/autonav_ws/build/sentry_description' returned '0': CMAKE_PREFIX_PATH=${CMAKE_PREFIX_PATH}:/opt/ros/humble /usr/bin/cmake --install /home/noah/autonav_ws/build/sentry_description
